<?xml version="1.0" encoding="UTF-8"?>
<testng-results ignored="0" total="3" passed="3" failed="0" skipped="0">
  <reporter-output>
  </reporter-output>
  <suite started-at="2024-08-24T22:54:28 IST" name="Default suite" finished-at="2024-08-24T22:55:10 IST" duration-ms="41706">
    <groups>
    </groups>
    <test started-at="2024-08-24T22:54:28 IST" name="Default test" finished-at="2024-08-24T22:55:10 IST" duration-ms="41706">
      <class name="SmartAC.Admin.AdoptionTest">
        <test-method is-config="true" signature="LaunchBrowser()[pri:0, instance:SmartAC.Admin.AdoptionTest@55141def]" started-at="2024-08-24T22:54:28 IST" name="LaunchBrowser" finished-at="2024-08-24T22:54:30 IST" duration-ms="1784" status="PASS">
          <reporter-output>
          </reporter-output>
        </test-method> <!-- LaunchBrowser -->
        <test-method is-config="true" signature="createObject()[pri:0, instance:SmartAC.Admin.AdoptionTest@55141def]" started-at="2024-08-24T22:54:30 IST" name="createObject" finished-at="2024-08-24T22:55:02 IST" depends-on-methods="com.smartac.base.TestBase.LaunchBrowser" duration-ms="31765" status="PASS">
          <reporter-output>
          </reporter-output>
        </test-method> <!-- createObject -->
        <test-method signature="VerifyAdoptionURL()[pri:1, instance:SmartAC.Admin.AdoptionTest@55141def]" started-at="2024-08-24T22:55:02 IST" name="VerifyAdoptionURL" finished-at="2024-08-24T22:55:06 IST" duration-ms="4569" status="PASS">
          <reporter-output>
          </reporter-output>
        </test-method> <!-- VerifyAdoptionURL -->
        <test-method signature="verifyTechnicianListCount()[pri:2, instance:SmartAC.Admin.AdoptionTest@55141def]" started-at="2024-08-24T22:55:06 IST" name="verifyTechnicianListCount" finished-at="2024-08-24T22:55:09 IST" duration-ms="2462" status="PASS">
          <reporter-output>
          </reporter-output>
        </test-method> <!-- verifyTechnicianListCount -->
        <test-method signature="VerifyTechnicianNameLinking()[pri:3, instance:SmartAC.Admin.AdoptionTest@55141def]" started-at="2024-08-24T22:55:09 IST" name="VerifyTechnicianNameLinking" finished-at="2024-08-24T22:55:10 IST" duration-ms="1090" status="PASS">
          <reporter-output>
          </reporter-output>
        </test-method> <!-- VerifyTechnicianNameLinking -->
      </class> <!-- SmartAC.Admin.AdoptionTest -->
    </test> <!-- Default test -->
  </suite> <!-- Default suite -->
</testng-results>
