<?xml version="1.0" encoding="UTF-8"?>
<!-- Generated by org.testng.reporters.JUnitXMLReporter -->
<testsuite ignored="0" hostname="EXIPC0020" failures="0" tests="3" name="Default test" time="42.736" errors="0" timestamp="2024-09-09T19:05:30 IST">
  <testcase classname="SmartAC.Admin.TechnicianTest" name="VerifyTechnicianURL" time="5.222"/>
  <testcase classname="SmartAC.Admin.TechnicianTest" name="TotalTechnicians" time="5.542"/>
  <testcase classname="SmartAC.Admin.TechnicianTest" name="VerifyAddATechnician" time="1.042"/>
</testsuite> <!-- Default test -->
