<?xml version="1.0" encoding="UTF-8"?>
<!-- Generated by org.testng.reporters.JUnitXMLReporter -->
<testsuite ignored="0" hostname="EXIPC0020" failures="0" tests="3" name="Default test" time="41.706" errors="0" timestamp="2024-08-24T22:55:10 IST">
  <testcase classname="SmartAC.Admin.AdoptionTest" name="VerifyAdoptionURL" time="4.569"/>
  <testcase classname="SmartAC.Admin.AdoptionTest" name="verifyTechnicianListCount" time="2.462"/>
  <testcase classname="SmartAC.Admin.AdoptionTest" name="VerifyTechnicianNameLinking" time="1.09"/>
</testsuite> <!-- Default test -->
