<?xml version="1.0" encoding="UTF-8"?>
<testng-results ignored="0" total="3" passed="3" failed="0" skipped="0">
  <reporter-output>
  </reporter-output>
  <suite started-at="2024-09-09T19:04:47 IST" name="Default suite" finished-at="2024-09-09T19:05:30 IST" duration-ms="42736">
    <groups>
    </groups>
    <test started-at="2024-09-09T19:04:47 IST" name="Default test" finished-at="2024-09-09T19:05:30 IST" duration-ms="42736">
      <class name="SmartAC.Admin.TechnicianTest">
        <test-method is-config="true" signature="LaunchBrowser()[pri:0, instance:SmartAC.Admin.TechnicianTest@77888435]" started-at="2024-09-09T19:04:47 IST" name="LaunchBrowser" finished-at="2024-09-09T19:04:49 IST" duration-ms="2251" status="PASS">
          <reporter-output>
          </reporter-output>
        </test-method> <!-- LaunchBrowser -->
        <test-method is-config="true" signature="createObject()[pri:0, instance:SmartAC.Admin.TechnicianTest@77888435]" started-at="2024-09-09T19:04:49 IST" name="createObject" finished-at="2024-09-09T19:05:18 IST" depends-on-methods="com.smartac.base.TestBase.LaunchBrowser" duration-ms="28581" status="PASS">
          <reporter-output>
          </reporter-output>
        </test-method> <!-- createObject -->
        <test-method signature="VerifyTechnicianURL()[pri:1, instance:SmartAC.Admin.TechnicianTest@77888435]" started-at="2024-09-09T19:05:18 IST" name="VerifyTechnicianURL" finished-at="2024-09-09T19:05:23 IST" duration-ms="5222" status="PASS">
          <reporter-output>
          </reporter-output>
        </test-method> <!-- VerifyTechnicianURL -->
        <test-method signature="TotalTechnicians()[pri:2, instance:SmartAC.Admin.TechnicianTest@77888435]" started-at="2024-09-09T19:05:23 IST" name="TotalTechnicians" finished-at="2024-09-09T19:05:29 IST" duration-ms="5542" status="PASS">
          <reporter-output>
          </reporter-output>
        </test-method> <!-- TotalTechnicians -->
        <test-method signature="VerifyAddATechnician()[pri:3, instance:SmartAC.Admin.TechnicianTest@77888435]" started-at="2024-09-09T19:05:29 IST" name="VerifyAddATechnician" finished-at="2024-09-09T19:05:30 IST" duration-ms="1042" status="PASS">
          <reporter-output>
          </reporter-output>
        </test-method> <!-- VerifyAddATechnician -->
      </class> <!-- SmartAC.Admin.TechnicianTest -->
    </test> <!-- Default test -->
  </suite> <!-- Default suite -->
</testng-results>
